<?xml version="1.0" encoding="UTF-8"?>
<testng-results skipped="0" failed="0" ignored="0" total="1" passed="1">
  <reporter-output>
  </reporter-output>
  <suite name="Suite" duration-ms="46" started-at="2018-04-13T10:01:53Z" finished-at="2018-04-13T10:01:53Z">
    <groups>
    </groups>
    <test name="Test" duration-ms="46" started-at="2018-04-13T10:01:53Z" finished-at="2018-04-13T10:01:53Z">
      <class name="com.java.jenkins.Java_1">
        <test-method status="PASS" signature="m1()[pri:0, instance:com.java.jenkins.Java_1@39aeed2f]" name="m1" duration-ms="0" started-at="2018-04-13T15:31:53Z" finished-at="2018-04-13T15:31:53Z">
          <reporter-output>
          </reporter-output>
        </test-method> <!-- m1 -->
      </class> <!-- com.java.jenkins.Java_1 -->
    </test> <!-- Test -->
  </suite> <!-- Suite -->
</testng-results>
